<?xml version="1.0" encoding="UTF-8"?>
<testng-results ignored="0" total="2" passed="2" failed="0" skipped="0">
  <reporter-output>
  </reporter-output>
  <suite started-at="2024-02-09T16:07:36 IST" name="Default suite" finished-at="2024-02-09T16:08:01 IST" duration-ms="24663">
    <groups>
      <group name="cucumber">
        <method signature="AbstractTestNGCucumberTests.runScenario(io.cucumber.testng.PickleWrapper,io.cucumber.testng.FeatureWrapper)[pri:0, instance:cucumberopton.runner@1d2adfbe]" name="runScenario" class="io.cucumber.testng.AbstractTestNGCucumberTests"/>
      </group> <!-- cucumber -->
    </groups>
    <test started-at="2024-02-09T16:07:36 IST" name="Default test" finished-at="2024-02-09T16:08:01 IST" duration-ms="24663">
      <class name="cucumberopton.runner">
        <test-method is-config="true" signature="setUpClass(org.testng.ITestContext)[pri:0, instance:cucumberopton.runner@1d2adfbe]" started-at="2024-02-09T16:07:36 IST" name="setUpClass" finished-at="2024-02-09T16:07:37 IST" duration-ms="756" status="PASS">
          <params>
            <param index="0">
              <value>
                <![CDATA[org.testng.TestRunner@66c38e51]]>
              </value>
            </param>
          </params>
          <reporter-output>
          </reporter-output>
        </test-method> <!-- setUpClass -->
        <test-method signature="runScenario(io.cucumber.testng.PickleWrapper,io.cucumber.testng.FeatureWrapper)[pri:0, instance:cucumberopton.runner@1d2adfbe]" started-at="2024-02-09T16:07:37 IST" name="runScenario" description="Runs Cucumber Scenarios" data-provider="scenarios" finished-at="2024-02-09T16:07:50 IST" duration-ms="13268" status="PASS">
          <params>
            <param index="0">
              <value>
                <![CDATA["sign in feature valiadation"]]>
              </value>
            </param>
            <param index="1">
              <value>
                <![CDATA["signin validation"]]>
              </value>
            </param>
          </params>
          <reporter-output>
          </reporter-output>
        </test-method> <!-- runScenario -->
        <test-method signature="runScenario(io.cucumber.testng.PickleWrapper,io.cucumber.testng.FeatureWrapper)[pri:0, instance:cucumberopton.runner@1d2adfbe]" started-at="2024-02-09T16:07:50 IST" name="runScenario" description="Runs Cucumber Scenarios" data-provider="scenarios" finished-at="2024-02-09T16:08:00 IST" duration-ms="9855" status="PASS">
          <params>
            <param index="0">
              <value>
                <![CDATA["login"]]>
              </value>
            </param>
            <param index="1">
              <value>
                <![CDATA["login validation"]]>
              </value>
            </param>
          </params>
          <reporter-output>
          </reporter-output>
        </test-method> <!-- runScenario -->
        <test-method is-config="true" signature="tearDownClass()[pri:0, instance:cucumberopton.runner@1d2adfbe]" started-at="2024-02-09T16:08:00 IST" name="tearDownClass" finished-at="2024-02-09T16:08:01 IST" duration-ms="631" status="PASS">
          <reporter-output>
          </reporter-output>
        </test-method> <!-- tearDownClass -->
      </class> <!-- cucumberopton.runner -->
    </test> <!-- Default test -->
  </suite> <!-- Default suite -->
</testng-results>
